Determining if the pthread_create exist failed with the following output:
Change Dir: /home/rodrigo/Dropbox/UnB/UnB 2015.2/Met. Programação/Trabalhos/Trab 2/Constru/CMakeFiles/CMakeTmp

Run Build Command:/usr/bin/make "cmTryCompileExec2662175116/fast"
/usr/bin/make -f CMakeFiles/cmTryCompileExec2662175116.dir/build.make CMakeFiles/cmTryCompileExec2662175116.dir/build
make[1]: Entrando no diretório `/home/rodrigo/Dropbox/UnB/UnB 2015.2/Met. Programação/Trabalhos/Trab 2/Constru/CMakeFiles/CMakeTmp'
/usr/bin/cmake -E cmake_progress_report "/home/rodrigo/Dropbox/UnB/UnB 2015.2/Met. Programação/Trabalhos/Trab 2/Constru/CMakeFiles/CMakeTmp/CMakeFiles" 1
Building C object CMakeFiles/cmTryCompileExec2662175116.dir/CheckSymbolExists.c.o
/usr/bin/cc    -o CMakeFiles/cmTryCompileExec2662175116.dir/CheckSymbolExists.c.o   -c "/home/rodrigo/Dropbox/UnB/UnB 2015.2/Met. Programação/Trabalhos/Trab 2/Constru/CMakeFiles/CMakeTmp/CheckSymbolExists.c"
Linking C executable cmTryCompileExec2662175116
/usr/bin/cmake -E cmake_link_script CMakeFiles/cmTryCompileExec2662175116.dir/link.txt --verbose=1
/usr/bin/cc       CMakeFiles/cmTryCompileExec2662175116.dir/CheckSymbolExists.c.o  -o cmTryCompileExec2662175116 -rdynamic 
CMakeFiles/cmTryCompileExec2662175116.dir/CheckSymbolExists.c.o: na função `main':
CheckSymbolExists.c:(.text+0x16): referência indefinida para `pthread_create'
collect2: error: ld returned 1 exit status
make[1]: Saindo do diretório `/home/rodrigo/Dropbox/UnB/UnB 2015.2/Met. Programação/Trabalhos/Trab 2/Constru/CMakeFiles/CMakeTmp'
make[1]: ** [cmTryCompileExec2662175116] Erro 1
make: ** [cmTryCompileExec2662175116/fast] Erro 2

File /home/rodrigo/Dropbox/UnB/UnB 2015.2/Met. Programação/Trabalhos/Trab 2/Constru/CMakeFiles/CMakeTmp/CheckSymbolExists.c:
/* */
#include <pthread.h>

int main(int argc, char** argv)
{
  (void)argv;
#ifndef pthread_create
  return ((int*)(&pthread_create))[argc];
#else
  (void)argc;
  return 0;
#endif
}

Determining if the function pthread_create exists in the pthreads failed with the following output:
Change Dir: /home/rodrigo/Dropbox/UnB/UnB 2015.2/Met. Programação/Trabalhos/Trab 2/Constru/CMakeFiles/CMakeTmp

Run Build Command:/usr/bin/make "cmTryCompileExec3738074266/fast"
/usr/bin/make -f CMakeFiles/cmTryCompileExec3738074266.dir/build.make CMakeFiles/cmTryCompileExec3738074266.dir/build
make[1]: Entrando no diretório `/home/rodrigo/Dropbox/UnB/UnB 2015.2/Met. Programação/Trabalhos/Trab 2/Constru/CMakeFiles/CMakeTmp'
/usr/bin/cmake -E cmake_progress_report "/home/rodrigo/Dropbox/UnB/UnB 2015.2/Met. Programação/Trabalhos/Trab 2/Constru/CMakeFiles/CMakeTmp/CMakeFiles" 1
Building C object CMakeFiles/cmTryCompileExec3738074266.dir/CheckFunctionExists.c.o
/usr/bin/cc   -DCHECK_FUNCTION_EXISTS=pthread_create   -o CMakeFiles/cmTryCompileExec3738074266.dir/CheckFunctionExists.c.o   -c /usr/share/cmake-2.8/Modules/CheckFunctionExists.c
Linking C executable cmTryCompileExec3738074266
/usr/bin/cmake -E cmake_link_script CMakeFiles/cmTryCompileExec3738074266.dir/link.txt --verbose=1
/usr/bin/cc   -DCHECK_FUNCTION_EXISTS=pthread_create    CMakeFiles/cmTryCompileExec3738074266.dir/CheckFunctionExists.c.o  -o cmTryCompileExec3738074266 -rdynamic -lpthreads 
/usr/bin/ld: não foi possível encontrar -lpthreads
collect2: error: ld returned 1 exit status
make[1]: Saindo do diretório `/home/rodrigo/Dropbox/UnB/UnB 2015.2/Met. Programação/Trabalhos/Trab 2/Constru/CMakeFiles/CMakeTmp'
make[1]: ** [cmTryCompileExec3738074266] Erro 1
make: ** [cmTryCompileExec3738074266/fast] Erro 2


