/home/rodrigo/Documentos/UnB/2017.2/Técnicas de Programação 1/Trabalho Disciplina/Codificação/Fontes/Utilidades/TesteUnitario.cpp:205: warning: no matching class member found for 
  void TesteUnitario::capturarFalha(bool(*func)(bool condF), bool cond)
Possible candidates:
  static void TesteUnitario::capturarFalha(bool(*func)(bool), bool cond)
  static void TesteUnitario::capturarFalha(bool(*func)(char, char), char val1, char val2)
  static void TesteUnitario::capturarFalha(bool(*func)(int, int), int val1, int val2)
  static void TesteUnitario::capturarFalha(bool(*func)(double, double), double val1, double val2)
  static void TesteUnitario::capturarFalha(bool(*func)(string), string val1)
  static void TesteUnitario::capturarFalha(bool(*func)(string, string), string val1, string val2)

/home/rodrigo/Documentos/UnB/2017.2/Técnicas de Programação 1/Trabalho Disciplina/Codificação/Fontes/Utilidades/TesteUnitario.cpp:216: warning: no matching class member found for 
  void TesteUnitario::capturarFalha(bool(*func)(char c1, char c2), char val1, char val2)
Possible candidates:
  static void TesteUnitario::capturarFalha(bool(*func)(bool), bool cond)
  static void TesteUnitario::capturarFalha(bool(*func)(char, char), char val1, char val2)
  static void TesteUnitario::capturarFalha(bool(*func)(int, int), int val1, int val2)
  static void TesteUnitario::capturarFalha(bool(*func)(double, double), double val1, double val2)
  static void TesteUnitario::capturarFalha(bool(*func)(string), string val1)
  static void TesteUnitario::capturarFalha(bool(*func)(string, string), string val1, string val2)

/home/rodrigo/Documentos/UnB/2017.2/Técnicas de Programação 1/Trabalho Disciplina/Codificação/Fontes/Utilidades/TesteUnitario.cpp:227: warning: no matching class member found for 
  void TesteUnitario::capturarFalha(bool(*func)(int i1, int i2), int val1, int val2)
Possible candidates:
  static void TesteUnitario::capturarFalha(bool(*func)(bool), bool cond)
  static void TesteUnitario::capturarFalha(bool(*func)(char, char), char val1, char val2)
  static void TesteUnitario::capturarFalha(bool(*func)(int, int), int val1, int val2)
  static void TesteUnitario::capturarFalha(bool(*func)(double, double), double val1, double val2)
  static void TesteUnitario::capturarFalha(bool(*func)(string), string val1)
  static void TesteUnitario::capturarFalha(bool(*func)(string, string), string val1, string val2)

/home/rodrigo/Documentos/UnB/2017.2/Técnicas de Programação 1/Trabalho Disciplina/Codificação/Fontes/Utilidades/TesteUnitario.cpp:238: warning: no matching class member found for 
  void TesteUnitario::capturarFalha(bool(*func)(double d1, double c2), double val1, double val2)
Possible candidates:
  static void TesteUnitario::capturarFalha(bool(*func)(bool), bool cond)
  static void TesteUnitario::capturarFalha(bool(*func)(char, char), char val1, char val2)
  static void TesteUnitario::capturarFalha(bool(*func)(int, int), int val1, int val2)
  static void TesteUnitario::capturarFalha(bool(*func)(double, double), double val1, double val2)
  static void TesteUnitario::capturarFalha(bool(*func)(string), string val1)
  static void TesteUnitario::capturarFalha(bool(*func)(string, string), string val1, string val2)

/home/rodrigo/Documentos/UnB/2017.2/Técnicas de Programação 1/Trabalho Disciplina/Codificação/Fontes/Utilidades/TesteUnitario.cpp:249: warning: no matching class member found for 
  void TesteUnitario::capturarFalha(bool(*func)(string s1), string val1)
Possible candidates:
  static void TesteUnitario::capturarFalha(bool(*func)(bool), bool cond)
  static void TesteUnitario::capturarFalha(bool(*func)(char, char), char val1, char val2)
  static void TesteUnitario::capturarFalha(bool(*func)(int, int), int val1, int val2)
  static void TesteUnitario::capturarFalha(bool(*func)(double, double), double val1, double val2)
  static void TesteUnitario::capturarFalha(bool(*func)(string), string val1)
  static void TesteUnitario::capturarFalha(bool(*func)(string, string), string val1, string val2)

/home/rodrigo/Documentos/UnB/2017.2/Técnicas de Programação 1/Trabalho Disciplina/Codificação/Fontes/Utilidades/TesteUnitario.cpp:260: warning: no matching class member found for 
  void TesteUnitario::capturarFalha(bool(*func)(string s1, string s2), string val1, string val2)
Possible candidates:
  static void TesteUnitario::capturarFalha(bool(*func)(bool), bool cond)
  static void TesteUnitario::capturarFalha(bool(*func)(char, char), char val1, char val2)
  static void TesteUnitario::capturarFalha(bool(*func)(int, int), int val1, int val2)
  static void TesteUnitario::capturarFalha(bool(*func)(double, double), double val1, double val2)
  static void TesteUnitario::capturarFalha(bool(*func)(string), string val1)
  static void TesteUnitario::capturarFalha(bool(*func)(string, string), string val1, string val2)

/home/rodrigo/Documentos/UnB/2017.2/Técnicas de Programação 1/Trabalho Disciplina/Codificação/Fontes/Principal.cpp:14: warning: return type of member main is not documented
/home/rodrigo/Documentos/UnB/2017.2/Técnicas de Programação 1/Trabalho Disciplina/Codificação/Bibliotecas/Interfaces/InterFunc.hpp:24: warning: argument 'Dados' of command @param is not found in the argument list of InterFunc::executar(const Resultado &)=0
/home/rodrigo/Documentos/UnB/2017.2/Técnicas de Programação 1/Trabalho Disciplina/Codificação/Bibliotecas/Interfaces/InterFunc.hpp:33: warning: argument 'Camada' of command @param is not found in the argument list of InterFunc::setServico(InterServ *)=0
/home/rodrigo/Documentos/UnB/2017.2/Técnicas de Programação 1/Trabalho Disciplina/Codificação/Bibliotecas/Interfaces/InterSAut.hpp:19: warning: argument 'Login' of command @param is not found in the argument list of InterSAut::autenticar(const Login &)=0
/home/rodrigo/Documentos/UnB/2017.2/Técnicas de Programação 1/Trabalho Disciplina/Codificação/Bibliotecas/Interfaces/InterSEst.hpp:21: warning: argument 'Identificador' of command @param is not found in the argument list of InterSEst::consultar(const Titulo &)=0
/home/rodrigo/Documentos/UnB/2017.2/Técnicas de Programação 1/Trabalho Disciplina/Codificação/Bibliotecas/Interfaces/InterSEst.hpp:28: warning: argument 'Identificador' of command @param is not found in the argument list of InterSEst::consultar(const Apelido &)=0
/home/rodrigo/Documentos/UnB/2017.2/Técnicas de Programação 1/Trabalho Disciplina/Codificação/Bibliotecas/Interfaces/InterSEst.hpp:35: warning: argument 'Livro' of command @param is not found in the argument list of InterSEst::criarResenha(const Livro &, const Resenha &)=0
/home/rodrigo/Documentos/UnB/2017.2/Técnicas de Programação 1/Trabalho Disciplina/Codificação/Bibliotecas/Interfaces/InterSEst.hpp:35: warning: argument 'Resenha' of command @param is not found in the argument list of InterSEst::criarResenha(const Livro &, const Resenha &)=0
/home/rodrigo/Documentos/UnB/2017.2/Técnicas de Programação 1/Trabalho Disciplina/Codificação/Bibliotecas/Interfaces/InterSEst.hpp:44: warning: argument 'Livro' of command @param is not found in the argument list of InterSEst::incluir(const Livro &)=0
/home/rodrigo/Documentos/UnB/2017.2/Técnicas de Programação 1/Trabalho Disciplina/Codificação/Bibliotecas/Interfaces/InterSEst.hpp:51: warning: argument 'Exemplar' of command @param is not found in the argument list of InterSEst::remover(const Livro &)=0
/home/rodrigo/Documentos/UnB/2017.2/Técnicas de Programação 1/Trabalho Disciplina/Codificação/Bibliotecas/Interfaces/InterSUsu.hpp:19: warning: argument 'Usuário' of command @param is not found in the argument list of InterSUsu::cadastrar(const Usuario &)=0
/home/rodrigo/Documentos/UnB/2017.2/Técnicas de Programação 1/Trabalho Disciplina/Codificação/Bibliotecas/Entidade/Livro.hpp:35: warning: argument 'data' of command @param is not found in the argument list of Livro::Livro(const Data &dataPublicacao)
/home/rodrigo/Documentos/UnB/2017.2/Técnicas de Programação 1/Trabalho Disciplina/Codificação/Bibliotecas/Entidade/Livro.hpp:39: warning: The following parameters of Livro::Livro(const Data &dataPublicacao) are not documented:
  parameter 'dataPublicacao'
/home/rodrigo/Documentos/UnB/2017.2/Técnicas de Programação 1/Trabalho Disciplina/Codificação/Bibliotecas/Entidade/Livro.hpp:42: warning: argument 'gen' of command @param is not found in the argument list of Livro::Livro(const GeneroLiterario &genero)
/home/rodrigo/Documentos/UnB/2017.2/Técnicas de Programação 1/Trabalho Disciplina/Codificação/Bibliotecas/Entidade/Livro.hpp:46: warning: The following parameters of Livro::Livro(const GeneroLiterario &genero) are not documented:
  parameter 'genero'
/home/rodrigo/Documentos/UnB/2017.2/Técnicas de Programação 1/Trabalho Disciplina/Codificação/Bibliotecas/Entidade/Livro.hpp:61: warning: argument 'gen' of command @param is not found in the argument list of Livro::Livro(const Data &data, const GeneroLiterario &genero, const Nome &autor, const Titulo &titulo)
/home/rodrigo/Documentos/UnB/2017.2/Técnicas de Programação 1/Trabalho Disciplina/Codificação/Bibliotecas/Entidade/Livro.hpp:68: warning: The following parameters of Livro::Livro(const Data &data, const GeneroLiterario &genero, const Nome &autor, const Titulo &titulo) are not documented:
  parameter 'genero'
/home/rodrigo/Documentos/UnB/2017.2/Técnicas de Programação 1/Trabalho Disciplina/Codificação/Bibliotecas/Entidade/Livro.hpp:74: warning: argument 'gen' of command @param is not found in the argument list of Livro::Livro(const Codigo &codigo, const Data &data, const GeneroLiterario &genero, const Nome &autor, const Titulo &titulo)
/home/rodrigo/Documentos/UnB/2017.2/Técnicas de Programação 1/Trabalho Disciplina/Codificação/Bibliotecas/Entidade/Livro.hpp:82: warning: The following parameters of Livro::Livro(const Codigo &codigo, const Data &data, const GeneroLiterario &genero, const Nome &autor, const Titulo &titulo) are not documented:
  parameter 'genero'
/home/rodrigo/Documentos/UnB/2017.2/Técnicas de Programação 1/Trabalho Disciplina/Codificação/Bibliotecas/Entidade/Livro.hpp:139: warning: argument 'título' of command @param is not found in the argument list of Livro::setTitulo(const Titulo &titulo)
/home/rodrigo/Documentos/UnB/2017.2/Técnicas de Programação 1/Trabalho Disciplina/Codificação/Bibliotecas/Entidade/Livro.hpp:142: warning: The following parameters of Livro::setTitulo(const Titulo &titulo) are not documented:
  parameter 'titulo'
/home/rodrigo/Documentos/UnB/2017.2/Técnicas de Programação 1/Trabalho Disciplina/Codificação/Bibliotecas/Utilidades/Manipulacao.hpp:160: warning: Member pausar() (function) of class Manipulacao is not documented.
/home/rodrigo/Documentos/UnB/2017.2/Técnicas de Programação 1/Trabalho Disciplina/Codificação/Bibliotecas/Utilidades/TesteUnitario.hpp:68: warning: Member condicao (enumeration) of class TesteUnitario is not documented.
/home/rodrigo/Documentos/UnB/2017.2/Técnicas de Programação 1/Trabalho Disciplina/Codificação/Bibliotecas/Entidade/Usuario.hpp:82: warning: argument 'nnome' of command @param is not found in the argument list of Usuario::setNome(const Nome &nome)
/home/rodrigo/Documentos/UnB/2017.2/Técnicas de Programação 1/Trabalho Disciplina/Codificação/Bibliotecas/Entidade/Usuario.hpp:85: warning: The following parameters of Usuario::setNome(const Nome &nome) are not documented:
  parameter 'nome'
