/home/rodrigo/Documentos/UnB/2017.2/Técnicas de Programação 1/Trabalho_1/Fontes/Utilidades/TesteUnitario.cpp:205: warning: no matching class member found for 
  void TesteUnitario::capturarFalha(bool(*func)(bool condF), bool cond)
Possible candidates:
  static void TesteUnitario::capturarFalha(bool(*func)(bool), bool cond)
  static void TesteUnitario::capturarFalha(bool(*func)(char, char), char val1, char val2)
  static void TesteUnitario::capturarFalha(bool(*func)(int, int), int val1, int val2)
  static void TesteUnitario::capturarFalha(bool(*func)(double, double), double val1, double val2)
  static void TesteUnitario::capturarFalha(bool(*func)(string), string val1)
  static void TesteUnitario::capturarFalha(bool(*func)(string, string), string val1, string val2)

/home/rodrigo/Documentos/UnB/2017.2/Técnicas de Programação 1/Trabalho_1/Fontes/Utilidades/TesteUnitario.cpp:216: warning: no matching class member found for 
  void TesteUnitario::capturarFalha(bool(*func)(char c1, char c2), char val1, char val2)
Possible candidates:
  static void TesteUnitario::capturarFalha(bool(*func)(bool), bool cond)
  static void TesteUnitario::capturarFalha(bool(*func)(char, char), char val1, char val2)
  static void TesteUnitario::capturarFalha(bool(*func)(int, int), int val1, int val2)
  static void TesteUnitario::capturarFalha(bool(*func)(double, double), double val1, double val2)
  static void TesteUnitario::capturarFalha(bool(*func)(string), string val1)
  static void TesteUnitario::capturarFalha(bool(*func)(string, string), string val1, string val2)

/home/rodrigo/Documentos/UnB/2017.2/Técnicas de Programação 1/Trabalho_1/Fontes/Utilidades/TesteUnitario.cpp:227: warning: no matching class member found for 
  void TesteUnitario::capturarFalha(bool(*func)(int i1, int i2), int val1, int val2)
Possible candidates:
  static void TesteUnitario::capturarFalha(bool(*func)(bool), bool cond)
  static void TesteUnitario::capturarFalha(bool(*func)(char, char), char val1, char val2)
  static void TesteUnitario::capturarFalha(bool(*func)(int, int), int val1, int val2)
  static void TesteUnitario::capturarFalha(bool(*func)(double, double), double val1, double val2)
  static void TesteUnitario::capturarFalha(bool(*func)(string), string val1)
  static void TesteUnitario::capturarFalha(bool(*func)(string, string), string val1, string val2)

/home/rodrigo/Documentos/UnB/2017.2/Técnicas de Programação 1/Trabalho_1/Fontes/Utilidades/TesteUnitario.cpp:238: warning: no matching class member found for 
  void TesteUnitario::capturarFalha(bool(*func)(double d1, double c2), double val1, double val2)
Possible candidates:
  static void TesteUnitario::capturarFalha(bool(*func)(bool), bool cond)
  static void TesteUnitario::capturarFalha(bool(*func)(char, char), char val1, char val2)
  static void TesteUnitario::capturarFalha(bool(*func)(int, int), int val1, int val2)
  static void TesteUnitario::capturarFalha(bool(*func)(double, double), double val1, double val2)
  static void TesteUnitario::capturarFalha(bool(*func)(string), string val1)
  static void TesteUnitario::capturarFalha(bool(*func)(string, string), string val1, string val2)

/home/rodrigo/Documentos/UnB/2017.2/Técnicas de Programação 1/Trabalho_1/Fontes/Utilidades/TesteUnitario.cpp:249: warning: no matching class member found for 
  void TesteUnitario::capturarFalha(bool(*func)(string s1), string val1)
Possible candidates:
  static void TesteUnitario::capturarFalha(bool(*func)(bool), bool cond)
  static void TesteUnitario::capturarFalha(bool(*func)(char, char), char val1, char val2)
  static void TesteUnitario::capturarFalha(bool(*func)(int, int), int val1, int val2)
  static void TesteUnitario::capturarFalha(bool(*func)(double, double), double val1, double val2)
  static void TesteUnitario::capturarFalha(bool(*func)(string), string val1)
  static void TesteUnitario::capturarFalha(bool(*func)(string, string), string val1, string val2)

/home/rodrigo/Documentos/UnB/2017.2/Técnicas de Programação 1/Trabalho_1/Fontes/Utilidades/TesteUnitario.cpp:260: warning: no matching class member found for 
  void TesteUnitario::capturarFalha(bool(*func)(string s1, string s2), string val1, string val2)
Possible candidates:
  static void TesteUnitario::capturarFalha(bool(*func)(bool), bool cond)
  static void TesteUnitario::capturarFalha(bool(*func)(char, char), char val1, char val2)
  static void TesteUnitario::capturarFalha(bool(*func)(int, int), int val1, int val2)
  static void TesteUnitario::capturarFalha(bool(*func)(double, double), double val1, double val2)
  static void TesteUnitario::capturarFalha(bool(*func)(string), string val1)
  static void TesteUnitario::capturarFalha(bool(*func)(string, string), string val1, string val2)

