Arquivo de Log
Registro: Manipulação da Estante Digital
Data: 15-Oct-2017
Inicio da atividade: 23:45:39

Atividades:
[23:45:39] Apresentação da Tela Inicial de Teste.
[23:45:40] Apresentação da Tela Inicial.
[23:45:40] Leitura das opções do usuário na Tela Inicial da aplicação.
[23:45:41] Redirecionando a aplicação para a Autenticação.
[23:45:41] Iniciada a funcionalidade de Autenticação.
[23:45:43] Aquisição do Apelido com êxito.
[23:45:45] Aquisição da Senha com êxito.
[23:45:45] Tentativa de autenticação: [rodf, asdc]
[23:45:45] Sucesso ao autenticar.
[23:45:45] Funcionalidade de Autenticação finalizada.
[23:45:45] Redirecionando a aplicação para a Estante.
[23:45:45] Iniciada a funcionalidade da Estante.
[23:45:46] Leitura das opções do usuário na tela da Estante.
[23:45:49] Iniciada o comando de consultar Livro.
[23:45:55] Aquisição do Título com êxito.
[23:45:58] Aquisição do Título com êxito.
[23:46:02] Aquisição do Texto com êxito.
[23:46:02] Tentativa de criar resenha: [(Guia do Mochileiro), (Test, Testando 1]
[23:46:02] Sucesso em criar resenha.
[23:46:05] Comando de consultar Livro finalizado.
[23:46:09] Leitura das opções do usuário na tela da Estante.
[23:46:11] Iniciada o comando de consultar Livro.
[23:46:16] Aquisição do Título com êxito.
[23:46:17] Aquisição do Título com êxito.
[23:46:19] Aquisição do Texto com êxito.
[23:46:19] Tentativa de criar resenha: [(Anjos e Demonios), (T, Teste]
[23:46:19] Falha ao acessar a Base de Dados.
[23:46:19] Erro na entrada de login ou na Base de Dados.
[23:46:20] Comando de consultar Livro finalizado.
[23:46:20] Leitura das opções do usuário na tela da Estante.
[23:46:22] Iniciada o comando de consultar Livro.
[23:46:22] Aquisição do Título com êxito.
[23:46:25] Aquisição do Título com êxito.
[23:46:27] Aquisição do Texto com êxito.
[23:46:27] Tentativa de criar resenha: [(), (asd, asdsdds]
[23:46:27] Falha em criar resenha.
[23:46:31] Comando de consultar Livro finalizado.
[23:46:32] Leitura das opções do usuário na tela da Estante.
[23:46:35] Funcionalidade da Estante finalizada.
[23:46:35] Apresentação da Tela Inicial.
[23:46:35] Leitura das opções do usuário na Tela Inicial da aplicação.
[23:46:36] Aplicação finalizada.
