Arquivo de Log
Registro: Manipulação da Estante Digital
Data: 15-Oct-2017
Inicio da atividade: 12:20:07

Atividades:
[12:20:07] Apresentação da Tela Inicial de Teste.
[12:20:09] Apresentação da Tela Inicial.
[12:20:09] Leitura das opções do usuário na Tela Inicial da aplicação.
[12:20:12] Redirecionando a aplicação para a Autenticação.
[12:20:12] Iniciada a funcionalidade de Autenticação.
[12:20:16] Aquisição do Apelido com êxito.
[12:20:17] Aquisição da Senha com êxito.
[12:20:17] Tentativa de autenticação: [inara, asdf]
[12:20:17] Login com registro inexistente.
[12:20:18] Funcionalidade de Autenticação finalizada.
[12:20:18] Apresentação da Tela Inicial.
[12:20:18] Leitura das opções do usuário na Tela Inicial da aplicação.
[12:20:20] Redirecionando a aplicação para a Autenticação.
[12:20:20] Iniciada a funcionalidade de Autenticação.
[12:20:23] Aquisição do Apelido com êxito.
[12:20:25] Aquisição da Senha com êxito.
[12:20:25] Tentativa de autenticação: [dayse, asdf]
[12:20:25] Falha ao acessar a Base de Dados.
[12:20:25] Erro na entrada de login ou de Base de Dados.
[12:20:28] Funcionalidade de Autenticação finalizada.
[12:20:28] Apresentação da Tela Inicial.
[12:20:28] Leitura das opções do usuário na Tela Inicial da aplicação.
[12:20:30] Redirecionando a aplicação para o Usuário.
[12:20:30] Iniciada a funcionalidade de Usuário.
[12:20:33] Aquisição do Apelido com êxito.
[12:20:34] Aquisição do Nome com êxito.
[12:20:36] Aquisição da Senha com êxito.
[12:20:42] Aquisição do Telefone com êxito.
[12:20:42] Tentativa de cadastro: [leila, Leila, (00)-000000000, asdf]
[12:20:42] Cadastro de usuário já existente.
[12:20:43] Funcionalidade de Usuário finalizada.
[12:20:43] Apresentação da Tela Inicial.
[12:20:43] Leitura das opções do usuário na Tela Inicial da aplicação.
[12:20:44] Redirecionando a aplicação para o Usuário.
[12:20:44] Iniciada a funcionalidade de Usuário.
[12:20:48] Aquisição do Apelido com êxito.
[12:20:53] Aquisição do Nome com êxito.
[12:20:55] Aquisição da Senha com êxito.
[12:21:03] Aquisição do Telefone com êxito.
[12:21:03] Tentativa de cadastro: [zelma, Zelma R. F., (00)-000000000, sdfg]
[12:21:03] Falha ao acessar a Base de Dados.
[12:21:03] Erro na entrada de login ou de Base de Dados.
[12:21:04] Funcionalidade de Usuário finalizada.
[12:21:04] Apresentação da Tela Inicial.
[12:21:04] Leitura das opções do usuário na Tela Inicial da aplicação.
[12:21:06] Redirecionando a aplicação para o Usuário.
[12:21:06] Iniciada a funcionalidade de Usuário.
[12:21:09] Aquisição do Apelido com êxito.
[12:21:14] Aquisição do Nome com êxito.
[12:21:19] Aquisição da Senha com êxito.
[12:21:26] Aquisição do Telefone com êxito.
[12:21:26] Tentativa de cadastro: [rod, Rodrigo F. G., (00)-000000000, qwer]
[12:21:26] Sucesso ao cadastrar.
[12:21:26] Funcionalidade de Usuário finalizada.
[12:21:26] Redirecionando a aplicação para a Estante.
[12:21:27] Apresentação da Tela Inicial.
[12:21:27] Leitura das opções do usuário na Tela Inicial da aplicação.
[12:21:29] Aplicação finalizada.
