Arquivo de Log
Registro: Manipulação da Estante Digital
Data: 16-Oct-2017
Inicio da atividade: 00:11:19

Atividades:
[00:11:19] Apresentação da Tela Inicial de Teste.
[00:11:21] Apresentação da Tela Inicial.
[00:11:21] Leitura das opções do usuário na Tela Inicial da aplicação.
[00:11:23] Redirecionando a aplicação para a Autenticação.
[00:11:23] Iniciada a funcionalidade de Autenticação.
[00:11:26] Aquisição do Apelido com êxito.
[00:11:28] Aquisição da Senha com êxito.
[00:11:28] Tentativa de autenticação: [rodfg, asdc]
[00:11:28] Sucesso ao autenticar.
[00:11:28] Funcionalidade de Autenticação finalizada.
[00:11:28] Redirecionando a aplicação para a Estante.
[00:11:28] Iniciada a funcionalidade da Estante.
[00:11:29] Leitura das opções do usuário na tela da Estante.
[00:11:32] Iniciada o comando de consultar Livro.
[00:11:35] Aquisição do Título com êxito.
[00:11:39] Aquisição do Autor com êxito.
[00:11:43] Aquisição do Gênero com êxito.
[00:11:49] Aquisição da Data com êxito.
[00:11:49] Tentativa de inserção: [, 01/01/01, NOVELA, Rodrigo F., teste]
[00:11:49] Sucesso na inserção.
[00:11:50] Comando de consultar Livro finalizado.
[00:11:52] Leitura das opções do usuário na tela da Estante.
[00:11:54] Funcionalidade da Estante finalizada.
[00:11:54] Apresentação da Tela Inicial.
[00:11:54] Leitura das opções do usuário na Tela Inicial da aplicação.
[00:11:55] Aplicação finalizada.
